<?xml version="1.0" encoding="UTF-8"?>
<!-- Generated by org.testng.reporters.JUnitReportReporter -->
<testsuite hostname="DESKTOP-QIGAM93" failures="0" tests="2" name="com.Milkride.testcases.LoginTestcase" time="21.720" errors="0" timestamp="2025-07-02T17:32:26 IST" skipped="0">
  <testcase classname="com.Milkride.testcases.LoginTestcase" name="loginwithotp" time="21.613"/>
  <testcase classname="com.Milkride.testcases.LoginTestcase" name="loginAfterverifyhome" time="0.107"/>
</testsuite> <!-- com.Milkride.testcases.LoginTestcase -->
