<?xml version="1.0" encoding="UTF-8"?>
<!-- Generated by org.testng.reporters.JUnitReportReporter -->
<testsuite hostname="DESKTOP-QIGAM93" failures="0" tests="6" name="com.FrontEnd_MilkRide.Module.Frontend_Functionality" time="73.784" errors="0" timestamp="2025-08-07T11:03:35 IST" skipped="0">
  <testcase classname="com.FrontEnd_MilkRide.Module.Frontend_Functionality" name="LoginwithMobilenumberer" time="20.270"/>
  <testcase classname="com.FrontEnd_MilkRide.Module.Frontend_Functionality" name="Buy_Once_Order_Morning" time="17.731"/>
  <testcase classname="com.FrontEnd_MilkRide.Module.Frontend_Functionality" name="Buy_Once_Order_Evening" time="11.252"/>
  <testcase classname="com.FrontEnd_MilkRide.Module.Frontend_Functionality" name="Buy_Subscription_EveryDay_Morning" time="8.235"/>
  <testcase classname="com.FrontEnd_MilkRide.Module.Frontend_Functionality" name="Buy_Subscription_Every2Day_Evening" time="8.124"/>
  <testcase classname="com.FrontEnd_MilkRide.Module.Frontend_Functionality" name="Buy_Subscription_3Day" time="8.172"/>
</testsuite> <!-- com.FrontEnd_MilkRide.Module.Frontend_Functionality -->
